2015/11/04 04:15:35 [error] [php] Trying to get property of non-object (C:\xampp\htdocs\DOFIT_FINAL\DoFit\aplication\protected\views\chat\index.php:100)
Stack trace:
#0 C:\xampp\htdocs\DOFIT_FINAL\DoFit\framework\web\CController.php(869): ChatController->renderFile()
#1 C:\xampp\htdocs\DOFIT_FINAL\DoFit\framework\web\CController.php(782): ChatController->renderPartial()
#2 C:\xampp\htdocs\DOFIT_FINAL\DoFit\aplication\protected\controllers\ChatController.php(6): ChatController->render()
#3 C:\xampp\htdocs\DOFIT_FINAL\DoFit\framework\web\actions\CInlineAction.php(49): ChatController->actionIndex()
#4 C:\xampp\htdocs\DOFIT_FINAL\DoFit\framework\web\CController.php(308): CInlineAction->runWithParams()
#5 C:\xampp\htdocs\DOFIT_FINAL\DoFit\framework\web\CController.php(286): ChatController->runAction()
#6 C:\xampp\htdocs\DOFIT_FINAL\DoFit\framework\web\CController.php(265): ChatController->runActionWithFilters()
#7 C:\xampp\htdocs\DOFIT_FINAL\DoFit\framework\web\CWebApplication.php(282): ChatController->run()
#8 C:\xampp\htdocs\DOFIT_FINAL\DoFit\framework\web\CWebApplication.php(141): CWebApplication->runController()
#9 C:\xampp\htdocs\DOFIT_FINAL\DoFit\framework\base\CApplication.php(184): CWebApplication->processRequest()
#10 C:\xampp\htdocs\DOFIT_FINAL\DoFit\aplication\index.php(13): CWebApplication->run()
REQUEST_URI=/DOFIT_FINAL/DoFit/aplication/chat/index
in C:\xampp\htdocs\DOFIT_FINAL\DoFit\aplication\protected\views\chat\index.php (100)
in C:\xampp\htdocs\DOFIT_FINAL\DoFit\aplication\protected\controllers\ChatController.php (6)
in C:\xampp\htdocs\DOFIT_FINAL\DoFit\aplication\index.php (13)
2015/11/04 04:17:38 [error] [exception.CHttpException.404] exception 'CHttpException' with message 'Unable to resolve the request "index".' in C:\xampp\htdocs\DOFIT_FINAL\DoFit\framework\web\CWebApplication.php:286
Stack trace:
#0 C:\xampp\htdocs\DOFIT_FINAL\DoFit\framework\web\CWebApplication.php(141): CWebApplication->runController('index')
#1 C:\xampp\htdocs\DOFIT_FINAL\DoFit\framework\base\CApplication.php(184): CWebApplication->processRequest()
#2 C:\xampp\htdocs\DOFIT_FINAL\DoFit\aplication\index.php(13): CApplication->run()
#3 {main}
REQUEST_URI=/DOFIT_FINAL/DoFit/aplication/index
HTTP_REFERER=http://localhost/DOFIT_FINAL/DoFit/aplication/chat/index
---
2015/11/04 04:17:45 [error] [exception.CHttpException.404] exception 'CHttpException' with message 'Unable to resolve the request "index".' in C:\xampp\htdocs\DOFIT_FINAL\DoFit\framework\web\CWebApplication.php:286
Stack trace:
#0 C:\xampp\htdocs\DOFIT_FINAL\DoFit\framework\web\CWebApplication.php(141): CWebApplication->runController('index')
#1 C:\xampp\htdocs\DOFIT_FINAL\DoFit\framework\base\CApplication.php(184): CWebApplication->processRequest()
#2 C:\xampp\htdocs\DOFIT_FINAL\DoFit\aplication\index.php(13): CApplication->run()
#3 {main}
REQUEST_URI=/DOFIT_FINAL/DoFit/aplication/index
---
2015/11/04 04:17:49 [error] [exception.CHttpException.404] exception 'CHttpException' with message 'Unable to resolve the request "index".' in C:\xampp\htdocs\DOFIT_FINAL\DoFit\framework\web\CWebApplication.php:286
Stack trace:
#0 C:\xampp\htdocs\DOFIT_FINAL\DoFit\framework\web\CWebApplication.php(141): CWebApplication->runController('index')
#1 C:\xampp\htdocs\DOFIT_FINAL\DoFit\framework\base\CApplication.php(184): CWebApplication->processRequest()
#2 C:\xampp\htdocs\DOFIT_FINAL\DoFit\aplication\index.php(13): CApplication->run()
#3 {main}
REQUEST_URI=/DOFIT_FINAL/DoFit/aplication/index
---
2015/11/04 04:17:59 [error] [exception.CHttpException.404] exception 'CHttpException' with message 'Unable to resolve the request "index".' in C:\xampp\htdocs\DOFIT_FINAL\DoFit\framework\web\CWebApplication.php:286
Stack trace:
#0 C:\xampp\htdocs\DOFIT_FINAL\DoFit\framework\web\CWebApplication.php(141): CWebApplication->runController('index')
#1 C:\xampp\htdocs\DOFIT_FINAL\DoFit\framework\base\CApplication.php(184): CWebApplication->processRequest()
#2 C:\xampp\htdocs\DOFIT_FINAL\DoFit\aplication\index.php(13): CApplication->run()
#3 {main}
REQUEST_URI=/DOFIT_FINAL/DoFit/aplication/index
---
2015/11/04 04:18:10 [error] [exception.CHttpException.404] exception 'CHttpException' with message 'Unable to resolve the request "index".' in C:\xampp\htdocs\DOFIT_FINAL\DoFit\framework\web\CWebApplication.php:286
Stack trace:
#0 C:\xampp\htdocs\DOFIT_FINAL\DoFit\framework\web\CWebApplication.php(141): CWebApplication->runController('index')
#1 C:\xampp\htdocs\DOFIT_FINAL\DoFit\framework\base\CApplication.php(184): CWebApplication->processRequest()
#2 C:\xampp\htdocs\DOFIT_FINAL\DoFit\aplication\index.php(13): CApplication->run()
#3 {main}
REQUEST_URI=/DOFIT_FINAL/DoFit/aplication/index
---
2015/11/04 04:18:31 [error] [exception.CHttpException.404] exception 'CHttpException' with message 'Unable to resolve the request "index".' in C:\xampp\htdocs\DOFIT_FINAL\DoFit\framework\web\CWebApplication.php:286
Stack trace:
#0 C:\xampp\htdocs\DOFIT_FINAL\DoFit\framework\web\CWebApplication.php(141): CWebApplication->runController('index')
#1 C:\xampp\htdocs\DOFIT_FINAL\DoFit\framework\base\CApplication.php(184): CWebApplication->processRequest()
#2 C:\xampp\htdocs\DOFIT_FINAL\DoFit\aplication\index.php(13): CApplication->run()
#3 {main}
REQUEST_URI=/DOFIT_FINAL/DoFit/aplication/index
---
2015/11/04 04:19:43 [error] [exception.CHttpException.404] exception 'CHttpException' with message 'Unable to resolve the request "index".' in C:\xampp\htdocs\DOFIT_FINAL\DoFit\framework\web\CWebApplication.php:286
Stack trace:
#0 C:\xampp\htdocs\DOFIT_FINAL\DoFit\framework\web\CWebApplication.php(141): CWebApplication->runController('index')
#1 C:\xampp\htdocs\DOFIT_FINAL\DoFit\framework\base\CApplication.php(184): CWebApplication->processRequest()
#2 C:\xampp\htdocs\DOFIT_FINAL\DoFit\aplication\index.php(13): CApplication->run()
#3 {main}
REQUEST_URI=/DOFIT_FINAL/DoFit/aplication/index
---
